android/app/build/intermediates/manifest_merge_blame_file/debug/manifest-merger-blame-debug-report.txt
1<?xml version="1.0" encoding="utf-8"?>
2<manifest xmlns:android="http://schemas.android.com/apk/res/android"
3    package="com.newapp"
4    android:versionCode="1"
5    android:versionName="1.0" >
6
7    <uses-sdk
8        android:minSdkVersion="21"
9        android:targetSdkVersion="29" />
10
11    <uses-permission android:name="android.permission.SYSTEM_ALERT_WINDOW" />
11-->src\debug\AndroidManifest.xml:5:5-77
11-->src\debug\AndroidManifest.xml:5:22-75
12    <uses-permission android:name="android.permission.INTERNET" />
12-->src\main\AndroidManifest.xml:4:5-67
12-->src\main\AndroidManifest.xml:4:22-64
13    <uses-permission android:name="android.permission.ACCESS_WIFI_STATE" />
13-->[com.facebook.flipper:flipper:0.99.0] AndroidManifest.xml:16:5-76
13-->[com.facebook.flipper:flipper:0.99.0] AndroidManifest.xml:16:22-73
14    <uses-permission android:name="android.permission.ACCESS_COARSE_LOCATION" />
14-->[:react-native-maps] AndroidManifest.xml:10:5-81
14-->[:react-native-maps] AndroidManifest.xml:10:22-78
15    <uses-permission android:name="android.permission.USE_BIOMETRIC" />
15-->[:react-native-keychain] AndroidManifest.xml:9:5-72
15-->[:react-native-keychain] AndroidManifest.xml:9:22-69
16    <uses-permission android:name="android.permission.USE_FINGERPRINT" />
16-->[:react-native-keychain] AndroidManifest.xml:10:5-74
16-->[:react-native-keychain] AndroidManifest.xml:10:22-71
17    <uses-permission android:name="android.permission.WRITE_EXTERNAL_STORAGE" />
17-->[:expo-file-system] AndroidManifest.xml:11:5-81
17-->[:expo-file-system] AndroidManifest.xml:11:22-78
18    <uses-permission android:name="android.permission.READ_EXTERNAL_STORAGE" />
18-->[:expo-file-system] AndroidManifest.xml:12:5-80
18-->[:expo-file-system] AndroidManifest.xml:12:22-77
19
20    <queries>
20-->[:expo-file-system] AndroidManifest.xml:14:5-20:15
21
22        <!-- Query open documents -->
23        <intent>
23-->[:expo-file-system] AndroidManifest.xml:17:9-19:18
24            <action android:name="android.intent.action.OPEN_DOCUMENT_TREE" />
24-->[:expo-file-system] AndroidManifest.xml:18:13-79
24-->[:expo-file-system] AndroidManifest.xml:18:21-76
25        </intent>
26    </queries> <!-- Include required permissions for Google Maps API to run. -->
27    <uses-permission android:name="android.permission.ACCESS_NETWORK_STATE" />
27-->[com.google.android.gms:play-services-maps:17.0.0] AndroidManifest.xml:23:5-79
27-->[com.google.android.gms:play-services-maps:17.0.0] AndroidManifest.xml:23:22-76
28
29    <uses-feature
29-->[com.google.android.gms:play-services-maps:17.0.0] AndroidManifest.xml:26:5-28:35
30        android:glEsVersion="0x00020000"
30-->[com.google.android.gms:play-services-maps:17.0.0] AndroidManifest.xml:27:9-41
31        android:required="true" />
31-->[com.google.android.gms:play-services-maps:17.0.0] AndroidManifest.xml:28:9-32
32
33    <uses-permission android:name="com.google.android.finsky.permission.BIND_GET_INSTALL_REFERRER_SERVICE" />
33-->[com.android.installreferrer:installreferrer:1.0] AndroidManifest.xml:9:5-110
33-->[com.android.installreferrer:installreferrer:1.0] AndroidManifest.xml:9:22-107
34
35    <application
35-->src\main\AndroidManifest.xml:6:5-32:19
36        android:name="com.newapp.MainApplication"
36-->src\main\AndroidManifest.xml:7:7-38
37        android:allowBackup="false"
37-->src\main\AndroidManifest.xml:11:7-34
38        android:appComponentFactory="androidx.core.app.CoreComponentFactory"
38-->[androidx.core:core:1.5.0] AndroidManifest.xml:24:18-86
39        android:debuggable="true"
40        android:icon="@mipmap/ic_launcher"
40-->src\main\AndroidManifest.xml:9:7-41
41        android:label="@string/app_name"
41-->src\main\AndroidManifest.xml:8:7-39
42        android:roundIcon="@mipmap/ic_launcher_round"
42-->src\main\AndroidManifest.xml:10:7-52
43        android:theme="@style/AppTheme"
43-->src\main\AndroidManifest.xml:12:7-38
44        android:usesCleartextTraffic="true" >
44-->src\debug\AndroidManifest.xml:8:13-48
45        <activity android:name="com.facebook.react.devsupport.DevSettingsActivity" />
45-->src\debug\AndroidManifest.xml:11:9-86
45-->src\debug\AndroidManifest.xml:11:19-83
46        <activity
46-->src\main\AndroidManifest.xml:13:7-23:18
47            android:name="com.newapp.MainActivity"
47-->src\main\AndroidManifest.xml:14:9-37
48            android:configChanges="keyboard|keyboardHidden|orientation|screenSize|uiMode"
48-->src\main\AndroidManifest.xml:16:9-86
49            android:label="@string/app_name"
49-->src\main\AndroidManifest.xml:15:9-41
50            android:launchMode="singleTask"
50-->src\main\AndroidManifest.xml:17:9-40
51            android:windowSoftInputMode="adjustResize" >
51-->src\main\AndroidManifest.xml:18:9-51
52            <intent-filter>
52-->src\main\AndroidManifest.xml:19:9-22:25
53                <action android:name="android.intent.action.MAIN" />
53-->src\main\AndroidManifest.xml:20:13-65
53-->src\main\AndroidManifest.xml:20:21-62
54
55                <category android:name="android.intent.category.LAUNCHER" />
55-->src\main\AndroidManifest.xml:21:13-73
55-->src\main\AndroidManifest.xml:21:23-70
56            </intent-filter>
57        </activity> <!-- You will only need to add this meta-data tag, but make sure it's a child of application -->
58        <meta-data
58-->src\main\AndroidManifest.xml:26:4-28:63
59            android:name="com.google.android.geo.API_KEY"
59-->src\main\AndroidManifest.xml:27:6-51
60            android:value="AIzaSyBXTKwlkpeAmD-SLp8rHx2KZ7kA4LHbbnY" /> <!-- You will also only need to add this uses-library tag -->
60-->src\main\AndroidManifest.xml:28:6-61
61        <uses-library
61-->src\main\AndroidManifest.xml:31:4-82
62            android:name="org.apache.http.legacy"
62-->src\main\AndroidManifest.xml:31:18-55
63            android:required="false" /> <!-- suppress AndroidDomInspection -->
63-->src\main\AndroidManifest.xml:31:56-80
64        <activity
64-->[:react-native-keychain] AndroidManifest.xml:15:9-18:67
65            android:name="androidx.biometric.DeviceCredentialHandlerActivity"
65-->[:react-native-keychain] AndroidManifest.xml:16:13-78
66            android:exported="true"
66-->[:react-native-keychain] AndroidManifest.xml:17:13-36
67            android:theme="@style/DeviceCredentialHandlerTheme" />
67-->[:react-native-keychain] AndroidManifest.xml:18:13-64
68
69        <provider
69-->[:expo-file-system] AndroidManifest.xml:23:9-32:20
70            android:name="expo.modules.filesystem.FileSystemFileProvider"
70-->[:expo-file-system] AndroidManifest.xml:24:13-74
71            android:authorities="com.newapp.FileSystemFileProvider"
71-->[:expo-file-system] AndroidManifest.xml:25:13-74
72            android:exported="false"
72-->[:expo-file-system] AndroidManifest.xml:26:13-37
73            android:grantUriPermissions="true" >
73-->[:expo-file-system] AndroidManifest.xml:27:13-47
74            <meta-data
74-->[:expo-file-system] AndroidManifest.xml:29:13-31:70
75                android:name="android.support.FILE_PROVIDER_PATHS"
75-->[:expo-file-system] AndroidManifest.xml:30:17-67
76                android:resource="@xml/file_system_provider_paths" />
76-->[:expo-file-system] AndroidManifest.xml:31:17-67
77        </provider>
78
79        <meta-data
79-->[:expo-modules-core] AndroidManifest.xml:10:9-12:89
80            android:name="org.unimodules.core.AppLoader#react-native-headless"
80-->[:expo-modules-core] AndroidManifest.xml:11:13-79
81            android:value="expo.modules.adapters.react.apploader.RNHeadlessAppLoader" />
81-->[:expo-modules-core] AndroidManifest.xml:12:13-86
82
83        <activity
83-->[com.google.android.gms:play-services-base:17.2.1] AndroidManifest.xml:23:9-26:75
84            android:name="com.google.android.gms.common.api.GoogleApiActivity"
84-->[com.google.android.gms:play-services-base:17.2.1] AndroidManifest.xml:24:13-79
85            android:exported="false"
85-->[com.google.android.gms:play-services-base:17.2.1] AndroidManifest.xml:25:13-37
86            android:theme="@android:style/Theme.Translucent.NoTitleBar" />
86-->[com.google.android.gms:play-services-base:17.2.1] AndroidManifest.xml:26:13-72
87
88        <meta-data
88-->[com.google.maps.android:android-maps-utils:0.5] AndroidManifest.xml:8:9-10:69
89            android:name="com.google.android.gms.version"
89-->[com.google.maps.android:android-maps-utils:0.5] AndroidManifest.xml:9:13-58
90            android:value="@integer/google_play_services_version" />
90-->[com.google.maps.android:android-maps-utils:0.5] AndroidManifest.xml:10:13-66
91    </application>
92
93</manifest>